# JRE version: OpenJDK Runtime Environment (15.0.1+9) (build 15.0.1+9-18)
# Java VM: OpenJDK 64-Bit Server VM (15.0.1+9-18, mixed mode, sharing, tiered, compressed oops, g1 gc, windows-amd64)
GC Precious Log:
 CPUs: 4 total, 4 available
 Memory: 8144M
 Large Page Support: Disabled
 NUMA Support: Disabled
 Compressed Oops: Enabled (32-bit)
 Heap Region Size: 1M
 Heap Min Capacity: 8M
 Heap Initial Capacity: 128M
 Heap Max Capacity: 2038M
 Pre-touch: Disabled
 Parallel Workers: 4
 Concurrent Workers: 1
 Concurrent Refinement Workers: 4
 Periodic GC: Disabled
Heap:
 garbage-first heap   total 48128K, used 34390K [0x0000000080a00000, 0x0000000100000000)
  region size 1024K, 24 young (24576K), 3 survivors (3072K)
 Metaspace       used 22475K, capacity 23083K, committed 23216K, reserved 1069056K
  class space    used 3087K, capacity 3233K, committed 3328K, reserved 1048576K
GC Heap History (11 events):
Event: 0.461 GC heap before
{Heap before GC invocations=0 (full 0):
 garbage-first heap   total 131072K, used 13312K [0x0000000080a00000, 0x0000000100000000)
  region size 1024K, 13 young (13312K), 0 survivors (0K)
 Metaspace       used 2471K, capacity 5760K, committed 6016K, reserved 1056768K
  class space    used 276K, capacity 532K, committed 640K, reserved 1048576K
}
Event: 0.467 GC heap after
{Heap after GC invocations=1 (full 0):
 garbage-first heap   total 131072K, used 5977K [0x0000000080a00000, 0x0000000100000000)
  region size 1024K, 2 young (2048K), 2 survivors (2048K)
 Metaspace       used 2471K, capacity 5760K, committed 6016K, reserved 1056768K
  class space    used 276K, capacity 532K, committed 640K, reserved 1048576K
}
Event: 0.705 GC heap before
{Heap before GC invocations=1 (full 0):
 garbage-first heap   total 131072K, used 16217K [0x0000000080a00000, 0x0000000100000000)
  region size 1024K, 13 young (13312K), 2 survivors (2048K)
 Metaspace       used 5262K, capacity 7671K, committed 7808K, reserved 1056768K
  class space    used 685K, capacity 847K, committed 896K, reserved 1048576K
}
Event: 0.709 GC heap after
{Heap after GC invocations=2 (full 0):
 garbage-first heap   total 131072K, used 6991K [0x0000000080a00000, 0x0000000100000000)
  region size 1024K, 1 young (1024K), 1 survivors (1024K)
 Metaspace       used 5262K, capacity 7671K, committed 7808K, reserved 1056768K
  class space    used 685K, capacity 847K, committed 896K, reserved 1048576K
}
Event: 1.048 GC heap before
{Heap before GC invocations=2 (full 0):
 garbage-first heap   total 131072K, used 30543K [0x0000000080a00000, 0x0000000100000000)
  region size 1024K, 24 young (24576K), 1 survivors (1024K)
 Metaspace       used 10404K, capacity 12047K, committed 12288K, reserved 1060864K
  class space    used 1338K, capacity 1433K, committed 1536K, reserved 1048576K
}
Event: 1.052 GC heap after
{Heap after GC invocations=3 (full 0):
 garbage-first heap   total 131072K, used 8100K [0x0000000080a00000, 0x0000000100000000)
  region size 1024K, 2 young (2048K), 2 survivors (2048K)
 Metaspace       used 10404K, capacity 12047K, committed 12288K, reserved 1060864K
  class space    used 1338K, capacity 1433K, committed 1536K, reserved 1048576K
}
Event: 1.766 GC heap before
{Heap before GC invocations=3 (full 0):
 garbage-first heap   total 131072K, used 82852K [0x0000000080a00000, 0x0000000100000000)
  region size 1024K, 76 young (77824K), 2 survivors (2048K)
 Metaspace       used 15268K, capacity 16612K, committed 16768K, reserved 1064960K
  class space    used 1999K, capacity 2097K, committed 2176K, reserved 1048576K
}
Event: 1.773 GC heap after
{Heap after GC invocations=4 (full 0):
 garbage-first heap   total 131072K, used 10376K [0x0000000080a00000, 0x0000000100000000)
  region size 1024K, 5 young (5120K), 5 survivors (5120K)
 Metaspace       used 15268K, capacity 16612K, committed 16768K, reserved 1064960K
  class space    used 1999K, capacity 2097K, committed 2176K, reserved 1048576K
}
Event: 2.950 GC heap before
{Heap before GC invocations=4 (full 0):
 garbage-first heap   total 131072K, used 51336K [0x0000000080a00000, 0x0000000100000000)
  region size 1024K, 46 young (47104K), 5 survivors (5120K)
 Metaspace       used 20313K, capacity 21176K, committed 21296K, reserved 1067008K
  class space    used 2744K, capacity 2887K, committed 2944K, reserved 1048576K
}
Event: 2.959 GC heap after
{Heap after GC invocations=5 (full 0):
 garbage-first heap   total 157696K, used 12886K [0x0000000080a00000, 0x0000000100000000)
  region size 1024K, 7 young (7168K), 7 survivors (7168K)
 Metaspace       used 20313K, capacity 21176K, committed 21296K, reserved 1067008K
  class space    used 2744K, capacity 2887K, committed 2944K, reserved 1048576K
}
Event: 3.416 GC heap before
{Heap before GC invocations=6 (full 0):
 garbage-first heap   total 48128K, used 34390K [0x0000000080a00000, 0x0000000100000000)
  region size 1024K, 28 young (28672K), 7 survivors (7168K)
 Metaspace       used 22475K, capacity 23083K, committed 23216K, reserved 1069056K
  class space    used 3087K, capacity 3233K, committed 3328K, reserved 1048576K
}

