# JRE version: OpenJDK Runtime Environment (15.0.1+9) (build 15.0.1+9-18)
# Java VM: OpenJDK 64-Bit Server VM (15.0.1+9-18, mixed mode, sharing, tiered, compressed oops, g1 gc, windows-amd64)
GC Precious Log:
 CPUs: 4 total, 4 available
 Memory: 8144M
 Large Page Support: Disabled
 NUMA Support: Disabled
 Compressed Oops: Enabled (32-bit)
 Heap Region Size: 1M
 Heap Min Capacity: 8M
 Heap Initial Capacity: 128M
 Heap Max Capacity: 2038M
 Pre-touch: Disabled
 Parallel Workers: 4
 Concurrent Workers: 1
 Concurrent Refinement Workers: 4
 Periodic GC: Disabled
Heap:
 garbage-first heap   total 58368K, used 45102K [0x0000000080a00000, 0x0000000100000000)
  region size 1024K, 32 young (32768K), 4 survivors (4096K)
 Metaspace       used 29785K, capacity 30146K, committed 30384K, reserved 1075200K
  class space    used 3862K, capacity 3981K, committed 4096K, reserved 1048576K
GC Heap History (17 events):
Event: 0.627 GC heap before
{Heap before GC invocations=0 (full 0):
 garbage-first heap   total 131072K, used 13312K [0x0000000080a00000, 0x0000000100000000)
  region size 1024K, 13 young (13312K), 0 survivors (0K)
 Metaspace       used 2471K, capacity 5760K, committed 6016K, reserved 1056768K
  class space    used 276K, capacity 532K, committed 640K, reserved 1048576K
}
Event: 0.633 GC heap after
{Heap after GC invocations=1 (full 0):
 garbage-first heap   total 131072K, used 5999K [0x0000000080a00000, 0x0000000100000000)
  region size 1024K, 2 young (2048K), 2 survivors (2048K)
 Metaspace       used 2471K, capacity 5760K, committed 6016K, reserved 1056768K
  class space    used 276K, capacity 532K, committed 640K, reserved 1048576K
}
Event: 0.953 GC heap before
{Heap before GC invocations=1 (full 0):
 garbage-first heap   total 131072K, used 16239K [0x0000000080a00000, 0x0000000100000000)
  region size 1024K, 13 young (13312K), 2 survivors (2048K)
 Metaspace       used 5261K, capacity 7671K, committed 7808K, reserved 1056768K
  class space    used 685K, capacity 847K, committed 896K, reserved 1048576K
}
Event: 0.957 GC heap after
{Heap after GC invocations=2 (full 0):
 garbage-first heap   total 131072K, used 6953K [0x0000000080a00000, 0x0000000100000000)
  region size 1024K, 1 young (1024K), 1 survivors (1024K)
 Metaspace       used 5261K, capacity 7671K, committed 7808K, reserved 1056768K
  class space    used 685K, capacity 847K, committed 896K, reserved 1048576K
}
Event: 1.340 GC heap before
{Heap before GC invocations=2 (full 0):
 garbage-first heap   total 131072K, used 30505K [0x0000000080a00000, 0x0000000100000000)
  region size 1024K, 24 young (24576K), 1 survivors (1024K)
 Metaspace       used 10376K, capacity 12015K, committed 12160K, reserved 1060864K
  class space    used 1331K, capacity 1401K, committed 1408K, reserved 1048576K
}
Event: 1.344 GC heap after
{Heap after GC invocations=3 (full 0):
 garbage-first heap   total 131072K, used 8008K [0x0000000080a00000, 0x0000000100000000)
  region size 1024K, 2 young (2048K), 2 survivors (2048K)
 Metaspace       used 10376K, capacity 12015K, committed 12160K, reserved 1060864K
  class space    used 1331K, capacity 1401K, committed 1408K, reserved 1048576K
}
Event: 2.061 GC heap before
{Heap before GC invocations=3 (full 0):
 garbage-first heap   total 131072K, used 82760K [0x0000000080a00000, 0x0000000100000000)
  region size 1024K, 76 young (77824K), 2 survivors (2048K)
 Metaspace       used 15270K, capacity 16612K, committed 16768K, reserved 1064960K
  class space    used 1995K, capacity 2097K, committed 2176K, reserved 1048576K
}
Event: 2.068 GC heap after
{Heap after GC invocations=4 (full 0):
 garbage-first heap   total 131072K, used 10405K [0x0000000080a00000, 0x0000000100000000)
  region size 1024K, 5 young (5120K), 5 survivors (5120K)
 Metaspace       used 15270K, capacity 16612K, committed 16768K, reserved 1064960K
  class space    used 1995K, capacity 2097K, committed 2176K, reserved 1048576K
}
Event: 2.853 GC heap before
{Heap before GC invocations=4 (full 0):
 garbage-first heap   total 131072K, used 51365K [0x0000000080a00000, 0x0000000100000000)
  region size 1024K, 46 young (47104K), 5 survivors (5120K)
 Metaspace       used 20312K, capacity 21176K, committed 21296K, reserved 1067008K
  class space    used 2742K, capacity 2887K, committed 2944K, reserved 1048576K
}
Event: 2.862 GC heap after
{Heap after GC invocations=5 (full 0):
 garbage-first heap   total 131072K, used 12807K [0x0000000080a00000, 0x0000000100000000)
  region size 1024K, 7 young (7168K), 7 survivors (7168K)
 Metaspace       used 20312K, capacity 21176K, committed 21296K, reserved 1067008K
  class space    used 2742K, capacity 2887K, committed 2944K, reserved 1048576K
}
Event: 3.240 GC heap before
{Heap before GC invocations=6 (full 0):
 garbage-first heap   total 48128K, used 34311K [0x0000000080a00000, 0x0000000100000000)
  region size 1024K, 28 young (28672K), 7 survivors (7168K)
 Metaspace       used 22503K, capacity 23083K, committed 23216K, reserved 1069056K
  class space    used 3089K, capacity 3233K, committed 3328K, reserved 1048576K
}
Event: 3.254 GC heap after
{Heap after GC invocations=7 (full 0):
 garbage-first heap   total 58368K, used 15336K [0x0000000080a00000, 0x0000000100000000)
  region size 1024K, 3 young (3072K), 3 survivors (3072K)
 Metaspace       used 22503K, capacity 23083K, committed 23216K, reserved 1069056K
  class space    used 3089K, capacity 3233K, committed 3328K, reserved 1048576K
}
Event: 3.573 GC heap before
{Heap before GC invocations=7 (full 0):
 garbage-first heap   total 58368K, used 40936K [0x0000000080a00000, 0x0000000100000000)
  region size 1024K, 29 young (29696K), 3 survivors (3072K)
 Metaspace       used 24923K, capacity 25287K, committed 25520K, reserved 1071104K
  class space    used 3335K, capacity 3493K, committed 3584K, reserved 1048576K
}
Event: 3.581 GC heap after
{Heap after GC invocations=8 (full 0):
 garbage-first heap   total 58368K, used 16700K [0x0000000080a00000, 0x0000000100000000)
  region size 1024K, 2 young (2048K), 2 survivors (2048K)
 Metaspace       used 24923K, capacity 25287K, committed 25520K, reserved 1071104K
  class space    used 3335K, capacity 3493K, committed 3584K, reserved 1048576K
}
Event: 3.607 GC heap before
{Heap before GC invocations=8 (full 0):
 garbage-first heap   total 58368K, used 42300K [0x0000000080a00000, 0x0000000100000000)
  region size 1024K, 28 young (28672K), 2 survivors (2048K)
 Metaspace       used 24952K, capacity 25351K, committed 25520K, reserved 1071104K
  class space    used 3337K, capacity 3493K, committed 3584K, reserved 1048576K
}
Event: 3.611 GC heap after
{Heap after GC invocations=9 (full 0):
 garbage-first heap   total 58368K, used 16430K [0x0000000080a00000, 0x0000000100000000)
  region size 1024K, 2 young (2048K), 2 survivors (2048K)
 Metaspace       used 24952K, capacity 25351K, committed 25520K, reserved 1071104K
  class space    used 3337K, capacity 3493K, committed 3584K, reserved 1048576K
}
Event: 4.151 GC heap before
{Heap before GC invocations=9 (full 0):
 garbage-first heap   total 58368K, used 45102K [0x0000000080a00000, 0x0000000100000000)
  region size 1024K, 30 young (30720K), 2 survivors (2048K)
 Metaspace       used 29785K, capacity 30146K, committed 30384K, reserved 1075200K
  class space    used 3862K, capacity 3981K, committed 4096K, reserved 1048576K
}

