# JRE version: OpenJDK Runtime Environment (15.0.1+9) (build 15.0.1+9-18)
# Java VM: OpenJDK 64-Bit Server VM (15.0.1+9-18, mixed mode, sharing, tiered, compressed oops, g1 gc, windows-amd64)
GC Precious Log:
 CPUs: 4 total, 4 available
 Memory: 8144M
 Large Page Support: Disabled
 NUMA Support: Disabled
 Compressed Oops: Enabled (32-bit)
 Heap Region Size: 1M
 Heap Min Capacity: 8M
 Heap Initial Capacity: 128M
 Heap Max Capacity: 2038M
 Pre-touch: Disabled
 Parallel Workers: 4
 Concurrent Workers: 1
 Concurrent Refinement Workers: 4
 Periodic GC: Disabled
Heap:
 garbage-first heap   total 131072K, used 53250K [0x0000000080a00000, 0x0000000100000000)
  region size 1024K, 49 young (50176K), 7 survivors (7168K)
 Metaspace       used 20312K, capacity 21176K, committed 21296K, reserved 1067008K
  class space    used 2742K, capacity 2887K, committed 2944K, reserved 1048576K
GC Heap History (9 events):
Event: 0.498 GC heap before
{Heap before GC invocations=0 (full 0):
 garbage-first heap   total 131072K, used 13312K [0x0000000080a00000, 0x0000000100000000)
  region size 1024K, 13 young (13312K), 0 survivors (0K)
 Metaspace       used 2469K, capacity 5760K, committed 6016K, reserved 1056768K
  class space    used 276K, capacity 532K, committed 640K, reserved 1048576K
}
Event: 0.505 GC heap after
{Heap after GC invocations=1 (full 0):
 garbage-first heap   total 131072K, used 6030K [0x0000000080a00000, 0x0000000100000000)
  region size 1024K, 2 young (2048K), 2 survivors (2048K)
 Metaspace       used 2469K, capacity 5760K, committed 6016K, reserved 1056768K
  class space    used 276K, capacity 532K, committed 640K, reserved 1048576K
}
Event: 0.992 GC heap before
{Heap before GC invocations=1 (full 0):
 garbage-first heap   total 131072K, used 16270K [0x0000000080a00000, 0x0000000100000000)
  region size 1024K, 13 young (13312K), 2 survivors (2048K)
 Metaspace       used 5258K, capacity 7671K, committed 7808K, reserved 1056768K
  class space    used 685K, capacity 847K, committed 896K, reserved 1048576K
}
Event: 0.996 GC heap after
{Heap after GC invocations=2 (full 0):
 garbage-first heap   total 131072K, used 6990K [0x0000000080a00000, 0x0000000100000000)
  region size 1024K, 1 young (1024K), 1 survivors (1024K)
 Metaspace       used 5258K, capacity 7671K, committed 7808K, reserved 1056768K
  class space    used 685K, capacity 847K, committed 896K, reserved 1048576K
}
Event: 1.708 GC heap before
{Heap before GC invocations=2 (full 0):
 garbage-first heap   total 131072K, used 29518K [0x0000000080a00000, 0x0000000100000000)
  region size 1024K, 24 young (24576K), 1 survivors (1024K)
 Metaspace       used 10330K, capacity 11951K, committed 12160K, reserved 1060864K
  class space    used 1332K, capacity 1401K, committed 1408K, reserved 1048576K
}
Event: 1.718 GC heap after
{Heap after GC invocations=3 (full 0):
 garbage-first heap   total 131072K, used 8124K [0x0000000080a00000, 0x0000000100000000)
  region size 1024K, 3 young (3072K), 3 survivors (3072K)
 Metaspace       used 10330K, capacity 11951K, committed 12160K, reserved 1060864K
  class space    used 1332K, capacity 1401K, committed 1408K, reserved 1048576K
}
Event: 2.270 GC heap before
{Heap before GC invocations=3 (full 0):
 garbage-first heap   total 131072K, used 81852K [0x0000000080a00000, 0x0000000100000000)
  region size 1024K, 76 young (77824K), 3 survivors (3072K)
 Metaspace       used 15220K, capacity 16548K, committed 16768K, reserved 1064960K
  class space    used 1990K, capacity 2097K, committed 2176K, reserved 1048576K
}
Event: 2.276 GC heap after
{Heap after GC invocations=4 (full 0):
 garbage-first heap   total 131072K, used 10242K [0x0000000080a00000, 0x0000000100000000)
  region size 1024K, 5 young (5120K), 5 survivors (5120K)
 Metaspace       used 15220K, capacity 16548K, committed 16768K, reserved 1064960K
  class space    used 1990K, capacity 2097K, committed 2176K, reserved 1048576K
}
Event: 3.011 GC heap before
{Heap before GC invocations=4 (full 0):
 garbage-first heap   total 131072K, used 52226K [0x0000000080a00000, 0x0000000100000000)
  region size 1024K, 47 young (48128K), 5 survivors (5120K)
 Metaspace       used 20312K, capacity 21176K, committed 21296K, reserved 1067008K
  class space    used 2742K, capacity 2887K, committed 2944K, reserved 1048576K
}

